  main.cpp
C:\Users\Rizwan\Desktop\MyArray\MyArray\main.cpp(11,33): error C2064: term does not evaluate to a function taking 1 arguments
C:\Users\Rizwan\Desktop\MyArray\MyArray\main.cpp(11,33): message : 'col': function declaration must be available as none of the arguments depend on a template parameter
C:\Users\Rizwan\Desktop\MyArray\MyArray\main.cpp(142): message : see reference to class template instantiation 'Array<T>' being compiled
C:\Users\Rizwan\Desktop\MyArray\MyArray\main.cpp(27,13): error C2760: syntax error: '!=' was unexpected here; expected 'expression'
C:\Users\Rizwan\Desktop\MyArray\MyArray\main.cpp(27,13): error C3878: syntax error: unexpected token '!=' following 'expression'
C:\Users\Rizwan\Desktop\MyArray\MyArray\main.cpp(27,13): message : error recovery skipped: '!= constant'
C:\Users\Rizwan\Desktop\MyArray\MyArray\main.cpp(34,3): error C2065: 'column': undeclared identifier
C:\Users\Rizwan\Desktop\MyArray\MyArray\main.cpp(40,13): error C2760: syntax error: '!=' was unexpected here; expected 'expression'
C:\Users\Rizwan\Desktop\MyArray\MyArray\main.cpp(40,13): error C3878: syntax error: unexpected token '!=' following 'expression'
C:\Users\Rizwan\Desktop\MyArray\MyArray\main.cpp(40,13): message : error recovery skipped: '!= constant'
C:\Users\Rizwan\Desktop\MyArray\MyArray\main.cpp(90,13): error C2760: syntax error: '!=' was unexpected here; expected 'expression'
C:\Users\Rizwan\Desktop\MyArray\MyArray\main.cpp(90,13): error C3878: syntax error: unexpected token '!=' following 'expression'
C:\Users\Rizwan\Desktop\MyArray\MyArray\main.cpp(90,13): message : error recovery skipped: '!= constant'
C:\Users\Rizwan\Desktop\MyArray\MyArray\main.cpp(97,3): error C2065: 'column': undeclared identifier
C:\Users\Rizwan\Desktop\MyArray\MyArray\main.cpp(99,28): error C2065: 'i': undeclared identifier
C:\Users\Rizwan\Desktop\MyArray\MyArray\main.cpp(103,13): error C2760: syntax error: '!=' was unexpected here; expected 'expression'
C:\Users\Rizwan\Desktop\MyArray\MyArray\main.cpp(103,13): error C3878: syntax error: unexpected token '!=' following 'expression'
C:\Users\Rizwan\Desktop\MyArray\MyArray\main.cpp(103,13): message : error recovery skipped: '!= constant'
C:\Users\Rizwan\Desktop\MyArray\MyArray\main.cpp(122,13): error C2760: syntax error: '!=' was unexpected here; expected 'expression'
C:\Users\Rizwan\Desktop\MyArray\MyArray\main.cpp(122,13): error C3878: syntax error: unexpected token '!=' following 'expression'
C:\Users\Rizwan\Desktop\MyArray\MyArray\main.cpp(122,13): message : error recovery skipped: '!= constant'
C:\Users\Rizwan\Desktop\MyArray\MyArray\main.cpp(129,3): error C2065: 'column': undeclared identifier
C:\Users\Rizwan\Desktop\MyArray\MyArray\main.cpp(131,29): error C2065: 'i': undeclared identifier
C:\Users\Rizwan\Desktop\MyArray\MyArray\main.cpp(135,13): error C2760: syntax error: '!=' was unexpected here; expected 'expression'
C:\Users\Rizwan\Desktop\MyArray\MyArray\main.cpp(135,13): error C3878: syntax error: unexpected token '!=' following 'expression'
C:\Users\Rizwan\Desktop\MyArray\MyArray\main.cpp(135,13): message : error recovery skipped: '!= constant'
